<?xml version="1.0" encoding="UTF-8"?>
<!-- Generated by org.testng.reporters.JUnitXMLReporter -->
<testsuite ignored="2" hostname="ELANKO" failures="0" tests="1" name="Default test(failed)" time="9.186" errors="0" timestamp="01 Sep 2024 12:23:39 GMT">
  <testcase classname="org.rerun.Sample" name="TC1" time="9.166"/>
  <testcase classname="org.rerun.Sample" name="TC2" time="0.0">
    <ignored/>
  </testcase> <!-- TC2 -->
  <testcase classname="org.rerun.Sample" name="TC3" time="0.0">
    <ignored/>
  </testcase> <!-- TC3 -->
</testsuite> <!-- Default test(failed) -->
