<?xml version="1.0" encoding="UTF-8"?>
<!-- Generated by org.testng.reporters.JUnitXMLReporter -->
<testsuite ignored="1" hostname="ELANKO" failures="0" tests="6" name="Default test" time="4.143" errors="0" timestamp="08 Sep 2024 05:32:59 GMT">
  <testcase classname="org.testng.Testng_Basic" name="tc4" time="0.01"/>
  <testcase classname="org.testng.Testng_Basic" name="tc5" time="0.001"/>
  <testcase classname="org.testng.Testng_Basic" name="tc1" time="0.019"/>
  <testcase classname="org.testng.Testng_Basic" name="tc1" time="0.014"/>
  <testcase classname="org.testng.Testng_Basic" name="tc1" time="0.023"/>
  <testcase classname="org.testng.Testng_Basic" name="tc3" time="0.221"/>
  <testcase classname="org.testng.Testng_Basic" name="tc2" time="0.0">
    <ignored/>
  </testcase> <!-- tc2 -->
</testsuite> <!-- Default test -->
