<?xml version="1.0" encoding="UTF-8"?>
<testng-results ignored="1" total="7" passed="6" failed="0" skipped="0">
  <reporter-output>
  </reporter-output>
  <suite started-at="2024-09-08T05:32:55Z" name="Default suite" finished-at="2024-09-08T05:32:59Z" duration-ms="4143">
    <groups>
    </groups>
    <test started-at="2024-09-08T05:32:55Z" name="Default test" finished-at="2024-09-08T05:32:59Z" duration-ms="4143">
      <class name="org.testng.Testng_Basic">
        <test-method is-config="true" signature="befcls()[pri:0, instance:org.testng.Testng_Basic@3bd323e9]" started-at="2024-09-08T05:32:55Z" name="befcls" finished-at="2024-09-08T05:32:58Z" duration-ms="3666" status="PASS">
          <reporter-output>
          </reporter-output>
        </test-method> <!-- befcls -->
        <test-method is-config="true" signature="bef()[pri:0, instance:org.testng.Testng_Basic@3bd323e9]" started-at="2024-09-08T05:32:58Z" name="bef" finished-at="2024-09-08T05:32:58Z" duration-ms="15" status="PASS">
          <reporter-output>
          </reporter-output>
        </test-method> <!-- bef -->
        <test-method signature="tc4()[pri:-10, instance:org.testng.Testng_Basic@3bd323e9]" started-at="2024-09-08T05:32:58Z" name="tc4" finished-at="2024-09-08T05:32:58Z" duration-ms="10" status="PASS">
          <reporter-output>
          </reporter-output>
        </test-method> <!-- tc4 -->
        <test-method is-config="true" signature="aft()[pri:0, instance:org.testng.Testng_Basic@3bd323e9]" started-at="2024-09-08T05:32:58Z" name="aft" finished-at="2024-09-08T05:32:58Z" duration-ms="1" status="PASS">
          <reporter-output>
          </reporter-output>
        </test-method> <!-- aft -->
        <test-method is-config="true" signature="bef()[pri:0, instance:org.testng.Testng_Basic@3bd323e9]" started-at="2024-09-08T05:32:58Z" name="bef" finished-at="2024-09-08T05:32:58Z" duration-ms="1" status="PASS">
          <reporter-output>
          </reporter-output>
        </test-method> <!-- bef -->
        <test-method signature="tc5()[pri:-2, instance:org.testng.Testng_Basic@3bd323e9]" started-at="2024-09-08T05:32:58Z" name="tc5" finished-at="2024-09-08T05:32:58Z" duration-ms="1" status="PASS">
          <reporter-output>
          </reporter-output>
        </test-method> <!-- tc5 -->
        <test-method is-config="true" signature="bef()[pri:0, instance:org.testng.Testng_Basic@3bd323e9]" started-at="2024-09-08T05:32:58Z" name="bef" finished-at="2024-09-08T05:32:58Z" duration-ms="1" status="PASS">
          <reporter-output>
          </reporter-output>
        </test-method> <!-- bef -->
        <test-method is-config="true" signature="aft()[pri:0, instance:org.testng.Testng_Basic@3bd323e9]" started-at="2024-09-08T05:32:58Z" name="aft" finished-at="2024-09-08T05:32:58Z" duration-ms="0" status="PASS">
          <reporter-output>
          </reporter-output>
        </test-method> <!-- aft -->
        <test-method signature="tc1()[pri:0, instance:org.testng.Testng_Basic@3bd323e9]" started-at="2024-09-08T05:32:58Z" name="tc1" finished-at="2024-09-08T05:32:58Z" duration-ms="19" status="PASS">
          <reporter-output>
          </reporter-output>
        </test-method> <!-- tc1 -->
        <test-method is-config="true" signature="aft()[pri:0, instance:org.testng.Testng_Basic@3bd323e9]" started-at="2024-09-08T05:32:58Z" name="aft" finished-at="2024-09-08T05:32:58Z" duration-ms="1" status="PASS">
          <reporter-output>
          </reporter-output>
        </test-method> <!-- aft -->
        <test-method is-config="true" signature="bef()[pri:0, instance:org.testng.Testng_Basic@3bd323e9]" started-at="2024-09-08T05:32:58Z" name="bef" finished-at="2024-09-08T05:32:58Z" duration-ms="0" status="PASS">
          <reporter-output>
          </reporter-output>
        </test-method> <!-- bef -->
        <test-method signature="tc1()[pri:0, instance:org.testng.Testng_Basic@3bd323e9]" started-at="2024-09-08T05:32:58Z" name="tc1" finished-at="2024-09-08T05:32:58Z" duration-ms="14" status="PASS">
          <reporter-output>
          </reporter-output>
        </test-method> <!-- tc1 -->
        <test-method signature="tc1()[pri:0, instance:org.testng.Testng_Basic@3bd323e9]" started-at="2024-09-08T05:32:58Z" name="tc1" finished-at="2024-09-08T05:32:58Z" duration-ms="23" status="PASS">
          <reporter-output>
          </reporter-output>
        </test-method> <!-- tc1 -->
        <test-method is-config="true" signature="bef()[pri:0, instance:org.testng.Testng_Basic@3bd323e9]" started-at="2024-09-08T05:32:58Z" name="bef" finished-at="2024-09-08T05:32:58Z" duration-ms="0" status="PASS">
          <reporter-output>
          </reporter-output>
        </test-method> <!-- bef -->
        <test-method is-config="true" signature="aft()[pri:0, instance:org.testng.Testng_Basic@3bd323e9]" started-at="2024-09-08T05:32:58Z" name="aft" finished-at="2024-09-08T05:32:58Z" duration-ms="0" status="PASS">
          <reporter-output>
          </reporter-output>
        </test-method> <!-- aft -->
        <test-method is-config="true" signature="aft()[pri:0, instance:org.testng.Testng_Basic@3bd323e9]" started-at="2024-09-08T05:32:58Z" name="aft" finished-at="2024-09-08T05:32:58Z" duration-ms="1" status="PASS">
          <reporter-output>
          </reporter-output>
        </test-method> <!-- aft -->
        <test-method is-config="true" signature="bef()[pri:0, instance:org.testng.Testng_Basic@3bd323e9]" started-at="2024-09-08T05:32:58Z" name="bef" finished-at="2024-09-08T05:32:58Z" duration-ms="0" status="PASS">
          <reporter-output>
          </reporter-output>
        </test-method> <!-- bef -->
        <test-method signature="tc3()[pri:0, instance:org.testng.Testng_Basic@3bd323e9]" started-at="2024-09-08T05:32:58Z" name="tc3" finished-at="2024-09-08T05:32:59Z" duration-ms="221" status="PASS">
          <reporter-output>
          </reporter-output>
        </test-method> <!-- tc3 -->
        <test-method is-config="true" signature="aft()[pri:0, instance:org.testng.Testng_Basic@3bd323e9]" started-at="2024-09-08T05:32:59Z" name="aft" finished-at="2024-09-08T05:32:59Z" duration-ms="0" status="PASS">
          <reporter-output>
          </reporter-output>
        </test-method> <!-- aft -->
        <test-method is-config="true" signature="aftcls()[pri:0, instance:org.testng.Testng_Basic@3bd323e9]" started-at="2024-09-08T05:32:59Z" name="aftcls" finished-at="2024-09-08T05:32:59Z" duration-ms="139" status="PASS">
          <reporter-output>
          </reporter-output>
        </test-method> <!-- aftcls -->
      </class> <!-- org.testng.Testng_Basic -->
    </test> <!-- Default test -->
  </suite> <!-- Default suite -->
</testng-results>
